<?xml version="1.0" encoding="UTF-8"?>
<testng-results skipped="0" failed="0" total="1" passed="1">
  <reporter-output>
  </reporter-output>
  <suite name="Surefire suite" duration-ms="61" started-at="2021-01-04T01:07:57Z" finished-at="2021-01-04T01:07:57Z">
    <groups>
    </groups>
    <test name="Surefire test" duration-ms="61" started-at="2021-01-04T01:07:57Z" finished-at="2021-01-04T01:07:57Z">
      <class name="CucumberFramework.AppTest">
        <test-method status="PASS" signature="shouldAnswerWithTrue()[pri:0, instance:shouldAnswerWithTrue(CucumberFramework.AppTest)]" name="shouldAnswerWithTrue" duration-ms="3" started-at="2021-01-03T20:07:57Z" finished-at="2021-01-03T20:07:57Z">
          <reporter-output>
          </reporter-output>
        </test-method> <!-- shouldAnswerWithTrue -->
      </class> <!-- CucumberFramework.AppTest -->
    </test> <!-- Surefire test -->
  </suite> <!-- Surefire suite -->
</testng-results>
